<?xml version="1.0" encoding="UTF-8"?>
<!-- Generated by org.testng.reporters.JUnitReportReporter -->
<testsuite skipped="0" hostname="Ravi" name="DataDrivenTesting.AddNewEmployees" tests="3" failures="0" timestamp="2020-04-02T20:07:13 AEDT" time="4.478" errors="0">
  <testcase name="postNewEmployees" time="0.617" classname="DataDrivenTesting.AddNewEmployees"/>
  <system-out/>
  <testcase name="postNewEmployees" time="0.628" classname="DataDrivenTesting.AddNewEmployees"/>
  <system-out/>
  <testcase name="postNewEmployees" time="3.233" classname="DataDrivenTesting.AddNewEmployees"/>
  <system-out/>
</testsuite> <!-- DataDrivenTesting.AddNewEmployees -->
