<?xml version="1.0" encoding="UTF-8"?>
<!-- Generated by org.testng.reporters.JUnitReportReporter -->
<testsuite skipped="0" hostname="Ravi" name="DataDrivenTesting.AddNewEmployeesExcel" tests="6" failures="0" timestamp="2020-04-02T20:54:59 AEDT" time="7.323" errors="0">
  <testcase name="postNewEmployees" time="0.609" classname="DataDrivenTesting.AddNewEmployeesExcel"/>
  <system-out/>
  <testcase name="postNewEmployees" time="0.600" classname="DataDrivenTesting.AddNewEmployeesExcel"/>
  <system-out/>
  <testcase name="postNewEmployees" time="0.574" classname="DataDrivenTesting.AddNewEmployeesExcel"/>
  <system-out/>
  <testcase name="postNewEmployees" time="0.586" classname="DataDrivenTesting.AddNewEmployeesExcel"/>
  <system-out/>
  <testcase name="postNewEmployees" time="0.611" classname="DataDrivenTesting.AddNewEmployeesExcel"/>
  <system-out/>
  <testcase name="postNewEmployees" time="4.343" classname="DataDrivenTesting.AddNewEmployeesExcel"/>
  <system-out/>
</testsuite> <!-- DataDrivenTesting.AddNewEmployeesExcel -->
