<?xml version="1.0" encoding="UTF-8"?>
<!-- Generated by org.testng.reporters.JUnitReportReporter -->
<testsuite skipped="0" hostname="Ravi" name="DataDrivenTesting.DataDrivenAPIDemo" tests="1" failures="0" timestamp="2020-04-02T19:48:23 AEDT" time="3.537" errors="0">
  <testcase name="postNewEmployees" time="3.537" classname="DataDrivenTesting.DataDrivenAPIDemo"/>
  <system-out/>
</testsuite> <!-- DataDrivenTesting.DataDrivenAPIDemo -->
