<?xml version="1.0" encoding="UTF-8"?>
<!-- Generated by org.testng.reporters.JUnitReportReporter -->
<testsuite skipped="0" hostname="Ravi" name="WebServicesTestPackage.TC1_GET_Request" tests="1" failures="0" timestamp="2020-04-02T18:01:26 AEDT" time="3.127" errors="0">
  <testcase name="registerUser" time="3.127" classname="WebServicesTestPackage.TC1_GET_Request"/>
  <system-out/>
</testsuite> <!-- WebServicesTestPackage.TC1_GET_Request -->
